Arguments: 
  C:\Program Files\nodejs\node.exe C:\Program Files (x86)\Yarn\bin\yarn.js init

PATH: 
  C:\ProgramData\Oracle\Java\javapath;C:\WINDOWS\system32;C:\WINDOWS;C:\WINDOWS\System32\Wbem;C:\WINDOWS\System32\WindowsPowerShell\v1.0\;C:\Program Files\nodejs\;C:\WINDOWS\System32\OpenSSH\;C:\Program Files\PuTTY\;C:\Program Files (x86)\Yarn\bin\;C:\Program Files (x86)\Intel\Intel(R) Management Engine Components\DAL;C:\Program Files\Intel\Intel(R) Management Engine Components\DAL;C:\jflex-1.6.1\bin\;C:\xampp\php;C:\ProgramData\ComposerSetup\bin;C:\Users\Luiz\AppData\Roaming\npm;C:\Users\Luiz\AppData\Local\GitHubDesktop\bin;C:\Users\Luiz\AppData\Local\Programs\Microsoft VS Code\bin;C:\Users\Luiz\AppData\Local\Microsoft\WindowsApps;C:\Users\Luiz\AppData\Local\Android\Sdk\emulator;C:\Users\Luiz\AppData\Local\Android\Sdk\tools;C:\Users\Luiz\AppData\Local\Android\Sdk\tools\bin;C:\Users\Luiz\AppData\Local\Android\Sdk\platform-tools;C:\Users\Luiz\AppData\Local\Yarn\bin;C:\jflex-1.7.0\bin;C:\Users\Luiz\AppData\Roaming\Composer\vendor\bin

Yarn version: 
  1.16.0

Node version: 
  10.16.0

Platform: 
  win32 x64

Trace: 
  Error: canceled
      at Interface.<anonymous> (C:\Program Files (x86)\Yarn\lib\cli.js:125850:13)
      at Interface.emit (events.js:198:13)
      at Interface._ttyWrite (readline.js:801:16)
      at ReadStream.onkeypress (readline.js:184:10)
      at ReadStream.emit (events.js:198:13)
      at emitKeys (internal/readline.js:424:14)
      at emitKeys.next (<anonymous>)
      at ReadStream.onData (readline.js:1075:36)
      at ReadStream.emit (events.js:198:13)
      at addChunk (_stream_readable.js:288:12)

npm manifest: 
  {
    "name": "ordemcavaleiroscristo",
    "version": "0.1.0",
    "private": true,
    "dependencies": {
      "react": "^16.10.2",
      "react-dom": "^16.10.2",
      "react-scripts": "^3.2.0"
    },
    "devDependencies": {},
    "scripts": {
      "start": "react-scripts start",
      "build": "react-scripts build",
      "test": "react-scripts test --env=jsdom",
      "eject": "react-scripts eject"
    },
    "browserslist": {
      "production": [
        ">0.2%",
        "not dead",
        "not op_mini all"
      ],
      "development": [
        "last 1 chrome version",
        "last 1 firefox version",
        "last 1 safari version"
      ]
    },
    "description": "desenvolvimento da aplicacao ordem dos cavaleiros de cristo",
    "main": "index.js",
    "license": "MIT"
  }

yarn manifest: 
  No manifest

Lockfile: 
  No lockfile
